Using pre-set license
Built from '2021.3/staging' branch; Version is '2021.3.4f1 (cb45f9cae8b7) revision 13321721'; Using compiler version '192829333'; Build Type 'Release'
OS: 'Windows 11  (10.0.22000) 64bit Professional' Language: 'de' Physical Memory: 16079 MB
BatchMode: 1, IsHumanControllingUs: 0, StartBugReporterOnCrash: 0, Is64bit: 1, IsPro: 1

COMMAND LINE ARGUMENTS:
C:\Program Files\Unity\Hub\Editor\2021.3.4f1\Editor\Unity.exe
-adb2
-batchMode
-noUpm
-name
AssetImportWorker1
-projectPath
C:/Users/dschi/Documents/GitHub/Pirate_Game_Praxisuebung_Serious_Games_2022
-logFile
Logs/AssetImportWorker1.log
-srvPort
53014
Successfully changed project path to: C:/Users/dschi/Documents/GitHub/Pirate_Game_Praxisuebung_Serious_Games_2022
C:/Users/dschi/Documents/GitHub/Pirate_Game_Praxisuebung_Serious_Games_2022
[UnityMemory] Configuration Parameters - Can be set up in boot.config
    "memorysetup-bucket-allocator-granularity=16"
    "memorysetup-bucket-allocator-bucket-count=8"
    "memorysetup-bucket-allocator-block-size=33554432"
    "memorysetup-bucket-allocator-block-count=8"
    "memorysetup-main-allocator-block-size=16777216"
    "memorysetup-thread-allocator-block-size=16777216"
    "memorysetup-gfx-main-allocator-block-size=16777216"
    "memorysetup-gfx-thread-allocator-block-size=16777216"
    "memorysetup-cache-allocator-block-size=4194304"
    "memorysetup-typetree-allocator-block-size=2097152"
    "memorysetup-profiler-bucket-allocator-granularity=16"
    "memorysetup-profiler-bucket-allocator-bucket-count=8"
    "memorysetup-profiler-bucket-allocator-block-size=33554432"
    "memorysetup-profiler-bucket-allocator-block-count=8"
    "memorysetup-profiler-allocator-block-size=16777216"
    "memorysetup-profiler-editor-allocator-block-size=1048576"
    "memorysetup-temp-allocator-size-main=16777216"
    "memorysetup-job-temp-allocator-block-size=2097152"
    "memorysetup-job-temp-allocator-block-size-background=1048576"
    "memorysetup-job-temp-allocator-reduction-small-platforms=262144"
    "memorysetup-temp-allocator-size-background-worker=32768"
    "memorysetup-temp-allocator-size-job-worker=262144"
    "memorysetup-temp-allocator-size-preload-manager=33554432"
    "memorysetup-temp-allocator-size-nav-mesh-worker=65536"
    "memorysetup-temp-allocator-size-audio-worker=65536"
    "memorysetup-temp-allocator-size-cloud-worker=32768"
    "memorysetup-temp-allocator-size-gi-baking-worker=262144"
    "memorysetup-temp-allocator-size-gfx=262144"
Refreshing native plugins compatible for Editor in 90.73 ms, found 3 plugins.
Preloading 0 native plugins for Editor in 0.00 ms.
Initialize engine version: 2021.3.4f1 (cb45f9cae8b7)
[Subsystems] Discovering subsystems at path C:/Program Files/Unity/Hub/Editor/2021.3.4f1/Editor/Data/Resources/UnitySubsystems
[Subsystems] Discovering subsystems at path C:/Users/dschi/Documents/GitHub/Pirate_Game_Praxisuebung_Serious_Games_2022/Assets
GfxDevice: creating device client; threaded=0; jobified=0
Direct3D:
    Version:  Direct3D 11.0 [level 11.1]
    Renderer: Intel(R) Iris(R) Xe Graphics (ID=0x9a49)
    Vendor:   Intel
    VRAM:     8039 MB
    Driver:   30.0.101.1003
Initialize mono
Mono path[0] = 'C:/Program Files/Unity/Hub/Editor/2021.3.4f1/Editor/Data/Managed'
Mono path[1] = 'C:/Program Files/Unity/Hub/Editor/2021.3.4f1/Editor/Data/MonoBleedingEdge/lib/mono/unityjit-win32'
Mono config path = 'C:/Program Files/Unity/Hub/Editor/2021.3.4f1/Editor/Data/MonoBleedingEdge/etc'
Using monoOptions --debugger-agent=transport=dt_socket,embedding=1,server=y,suspend=n,address=127.0.0.1:56524
Begin MonoManager ReloadAssembly
Registering precompiled unity dll's ...
Register platform support module: C:/Program Files/Unity/Hub/Editor/2021.3.4f1/Editor/Data/PlaybackEngines/WebGLSupport/UnityEditor.WebGL.Extensions.dll
Register platform support module: C:/Program Files/Unity/Hub/Editor/2021.3.4f1/Editor/Data/PlaybackEngines/WindowsStandaloneSupport/UnityEditor.WindowsStandalone.Extensions.dll
Registered in 0.006723 seconds.
Native extension for WindowsStandalone target not found
Native extension for WebGL target not found
Refreshing native plugins compatible for Editor in 54.08 ms, found 3 plugins.
Preloading 0 native plugins for Editor in 0.00 ms.
Mono: successfully reloaded assembly
- Completed reload, in  0.840 seconds
Domain Reload Profiling:
	ReloadAssembly (841ms)
		BeginReloadAssembly (133ms)
			ExecutionOrderSort (0ms)
			DisableScriptedObjects (0ms)
			BackupInstance (0ms)
			ReleaseScriptingObjects (0ms)
			CreateAndSetChildDomain (1ms)
		EndReloadAssembly (524ms)
			LoadAssemblies (129ms)
			RebuildTransferFunctionScriptingTraits (0ms)
			SetupTypeCache (145ms)
			ReleaseScriptCaches (0ms)
			RebuildScriptCaches (31ms)
			SetupLoadedEditorAssemblies (278ms)
				LogAssemblyErrors (0ms)
				InitializePlatformSupportModulesInManaged (9ms)
				SetLoadedEditorAssemblies (0ms)
				RefreshPlugins (54ms)
				BeforeProcessingInitializeOnLoad (2ms)
				ProcessInitializeOnLoadAttributes (161ms)
				ProcessInitializeOnLoadMethodAttributes (52ms)
				AfterProcessingInitializeOnLoad (0ms)
				EditorAssembliesLoaded (0ms)
			ExecutionOrderSort2 (0ms)
			AwakeInstancesAfterBackupRestoration (0ms)
Platform modules already initialized, skipping
Registering precompiled user dll's ...
Registered in 0.004937 seconds.
Begin MonoManager ReloadAssembly
Native extension for WindowsStandalone target not found
Native extension for WebGL target not found
Refreshing native plugins compatible for Editor in 51.86 ms, found 3 plugins.
Preloading 0 native plugins for Editor in 0.00 ms.
Mono: successfully reloaded assembly
- Completed reload, in  1.318 seconds
Domain Reload Profiling:
	ReloadAssembly (1319ms)
		BeginReloadAssembly (149ms)
			ExecutionOrderSort (0ms)
			DisableScriptedObjects (7ms)
			BackupInstance (0ms)
			ReleaseScriptingObjects (0ms)
			CreateAndSetChildDomain (34ms)
		EndReloadAssembly (1000ms)
			LoadAssemblies (93ms)
			RebuildTransferFunctionScriptingTraits (0ms)
			SetupTypeCache (281ms)
			ReleaseScriptCaches (1ms)
			RebuildScriptCaches (68ms)
			SetupLoadedEditorAssemblies (502ms)
				LogAssemblyErrors (0ms)
				InitializePlatformSupportModulesInManaged (8ms)
				SetLoadedEditorAssemblies (0ms)
				RefreshPlugins (52ms)
				BeforeProcessingInitializeOnLoad (87ms)
				ProcessInitializeOnLoadAttributes (290ms)
				ProcessInitializeOnLoadMethodAttributes (60ms)
				AfterProcessingInitializeOnLoad (5ms)
				EditorAssembliesLoaded (0ms)
			ExecutionOrderSort2 (0ms)
			AwakeInstancesAfterBackupRestoration (7ms)
Platform modules already initialized, skipping
========================================================================
Worker process is ready to serve import requests
Launched and connected shader compiler UnityShaderCompiler.exe after 0.05 seconds
Refreshing native plugins compatible for Editor in 0.99 ms, found 3 plugins.
Preloading 0 native plugins for Editor in 0.00 ms.
Unloading 2484 Unused Serialized files (Serialized files now loaded: 0)
Unloading 32 unused Assets / (30.2 KB). Loaded Objects now: 2948.
Memory consumption went from 112.5 MB to 112.4 MB.
Total: 3.072100 ms (FindLiveObjects: 0.233500 ms CreateObjectMapping: 0.075000 ms MarkObjects: 2.735000 ms  DeleteObjects: 0.027000 ms)

AssetImportParameters requested are different than current active one (requested -> active):
  custom:video-decoder-ogg-theora: a1e56fd34408186e4bbccfd4996cb3dc -> 
  custom:container-muxer-webm: aa71ff27fc2769a1b78a27578f13a17b -> 
  custom:container-demuxer-webm: 4f35f7cbe854078d1ac9338744f61a02 -> 
  custom:video-encoder-webm-vp8: eb34c28f22e8b96e1ab97ce403110664 -> 
  custom:audio-encoder-webm-vorbis: bf7c407c2cedff20999df2af8eb42d56 -> 
  custom:framework-win-MediaFoundation: 216162199b28c13a410421893ffa2e32 -> 
  custom:container-demuxer-ogg: 62fdf1f143b41e24485cea50d1cbac27 -> 
  custom:video-decoder-webm-vp8: 9c59270c3fd7afecdb556c50c9e8de78 -> 
  custom:audio-decoder-ogg-vorbis: bf7c407c2cedff20999df2af8eb42d56 -> 
========================================================================
Received Import Request.
  Time since last request: 11618.986341 seconds.
  path: Assets/Explosion free pack/1/frames/1_37.png
  artifactKey: Guid(cbafa6fbbdbf90e40b7b30285ca44e92) Importer(815301076,1909f56bfc062723c751e8b465ee728b)
Start importing Assets/Explosion free pack/1/frames/1_37.png using Guid(cbafa6fbbdbf90e40b7b30285ca44e92) Importer(815301076,1909f56bfc062723c751e8b465ee728b)  -> (artifact id: '93df4781f0d1978c5da1fac9b783928f') in 0.141922 seconds 
========================================================================
Received Import Request.
  Time since last request: 0.000024 seconds.
  path: Assets/Explosion free pack/1/frames/1_41.png
  artifactKey: Guid(82b64e21e0bcf4e478d11e12617179b6) Importer(815301076,1909f56bfc062723c751e8b465ee728b)
Start importing Assets/Explosion free pack/1/frames/1_41.png using Guid(82b64e21e0bcf4e478d11e12617179b6) Importer(815301076,1909f56bfc062723c751e8b465ee728b)  -> (artifact id: 'af123ad66429672fb06a5d54b8b0c007') in 0.023317 seconds 
========================================================================
Received Import Request.
  Time since last request: 0.000032 seconds.
  path: Assets/Explosion free pack/1/frames/1_49.png
  artifactKey: Guid(f429b147cee17794eb9d875bb7c15db6) Importer(815301076,1909f56bfc062723c751e8b465ee728b)
Start importing Assets/Explosion free pack/1/frames/1_49.png using Guid(f429b147cee17794eb9d875bb7c15db6) Importer(815301076,1909f56bfc062723c751e8b465ee728b)  -> (artifact id: 'c211f6a404501a203d202c31eaf88465') in 0.030860 seconds 
========================================================================
Received Import Request.
  Time since last request: 0.000031 seconds.
  path: Assets/Explosion free pack/1/frames/1_27.png
  artifactKey: Guid(6173a0c67dae2374dafd6e17812f7292) Importer(815301076,1909f56bfc062723c751e8b465ee728b)
Start importing Assets/Explosion free pack/1/frames/1_27.png using Guid(6173a0c67dae2374dafd6e17812f7292) Importer(815301076,1909f56bfc062723c751e8b465ee728b)  -> (artifact id: '5b7cd7df5715a202bf879054fb98ab76') in 0.024542 seconds 
========================================================================
Received Import Request.
  Time since last request: 0.000034 seconds.
  path: Assets/Explosion free pack/1
  artifactKey: Guid(4e35b1088e1338f4fb1535916e4eadb5) Importer(815301076,1909f56bfc062723c751e8b465ee728b)
Start importing Assets/Explosion free pack/1 using Guid(4e35b1088e1338f4fb1535916e4eadb5) Importer(815301076,1909f56bfc062723c751e8b465ee728b)  -> (artifact id: '8655d827def5d5360fffedca350386fb') in 0.010157 seconds 
========================================================================
Received Import Request.
  Time since last request: 0.000019 seconds.
  path: Assets/Explosion free pack/1/frames/1_14.png
  artifactKey: Guid(346bea4a373fa9546b05a5205e21f96a) Importer(815301076,1909f56bfc062723c751e8b465ee728b)
Start importing Assets/Explosion free pack/1/frames/1_14.png using Guid(346bea4a373fa9546b05a5205e21f96a) Importer(815301076,1909f56bfc062723c751e8b465ee728b)  -> (artifact id: '54e8802eb4c016c7dc2ddaa7ab43d5f7') in 0.026440 seconds 
========================================================================
Received Import Request.
  Time since last request: 0.000022 seconds.
  path: Assets/Explosion free pack/1/frames/1_0.png
  artifactKey: Guid(4eb2c3b37d134424884dc9dffad983a7) Importer(815301076,1909f56bfc062723c751e8b465ee728b)
Start importing Assets/Explosion free pack/1/frames/1_0.png using Guid(4eb2c3b37d134424884dc9dffad983a7) Importer(815301076,1909f56bfc062723c751e8b465ee728b)  -> (artifact id: '415e1e4444410cfe9290d862a7d1242d') in 0.027695 seconds 
========================================================================
Received Import Request.
  Time since last request: 0.000020 seconds.
  path: Assets/Explosion free pack/1/frames/1_36.png
  artifactKey: Guid(fb4e7354d7a6058458b68ddfbb98ef03) Importer(815301076,1909f56bfc062723c751e8b465ee728b)
Start importing Assets/Explosion free pack/1/frames/1_36.png using Guid(fb4e7354d7a6058458b68ddfbb98ef03) Importer(815301076,1909f56bfc062723c751e8b465ee728b)  -> (artifact id: '9ec143f28df89fb7c292d552f0241cd4') in 0.027309 seconds 
========================================================================
Received Import Request.
  Time since last request: 0.000021 seconds.
  path: Assets/Explosion free pack/1/frames/1_22.png
  artifactKey: Guid(2b48ae536bb022445a961451103b481a) Importer(815301076,1909f56bfc062723c751e8b465ee728b)
Start importing Assets/Explosion free pack/1/frames/1_22.png using Guid(2b48ae536bb022445a961451103b481a) Importer(815301076,1909f56bfc062723c751e8b465ee728b)  -> (artifact id: 'e89e93714e1550968642a7fe236396a2') in 0.024744 seconds 
========================================================================
Received Import Request.
  Time since last request: 0.000024 seconds.
  path: Assets/Explosion free pack/1/frames/1_48.png
  artifactKey: Guid(1fab971ba9b63de4c99aa25f74b61908) Importer(815301076,1909f56bfc062723c751e8b465ee728b)
Start importing Assets/Explosion free pack/1/frames/1_48.png using Guid(1fab971ba9b63de4c99aa25f74b61908) Importer(815301076,1909f56bfc062723c751e8b465ee728b)  -> (artifact id: 'c6dde5365239dbcdf12167e4291964f7') in 0.028870 seconds 
========================================================================
Received Import Request.
  Time since last request: 0.000025 seconds.
  path: Assets/Explosion free pack/1/frames/1_8.png
  artifactKey: Guid(f5764326935b3504fab7cccf9a2dc1a0) Importer(815301076,1909f56bfc062723c751e8b465ee728b)
Start importing Assets/Explosion free pack/1/frames/1_8.png using Guid(f5764326935b3504fab7cccf9a2dc1a0) Importer(815301076,1909f56bfc062723c751e8b465ee728b)  -> (artifact id: '07e5c4361b93fc1d72c8bcb314451e95') in 0.030804 seconds 
========================================================================
Received Import Request.
  Time since last request: 0.000032 seconds.
  path: Assets/Explosion free pack/1/frames/1_21.png
  artifactKey: Guid(0d28f7d9d9d345f43b312c8c79d7905e) Importer(815301076,1909f56bfc062723c751e8b465ee728b)
Start importing Assets/Explosion free pack/1/frames/1_21.png using Guid(0d28f7d9d9d345f43b312c8c79d7905e) Importer(815301076,1909f56bfc062723c751e8b465ee728b)  -> (artifact id: '4481c5e618e3060e256c7b39b9153ffd') in 0.023659 seconds 
========================================================================
Received Import Request.
  Time since last request: 0.000045 seconds.
  path: Assets/Explosion free pack/1/frames/1_9.png
  artifactKey: Guid(f7c43632e7d522c40bcbecc1cf3bcd84) Importer(815301076,1909f56bfc062723c751e8b465ee728b)
Start importing Assets/Explosion free pack/1/frames/1_9.png using Guid(f7c43632e7d522c40bcbecc1cf3bcd84) Importer(815301076,1909f56bfc062723c751e8b465ee728b)  -> (artifact id: 'e0a561cd65dc2950ab6f9281ea13e31a') in 0.027690 seconds 
========================================================================
Received Import Request.
  Time since last request: 0.000025 seconds.
  path: Assets/Explosion free pack/1/frames/1_39.png
  artifactKey: Guid(26d8a50faa43a5e45879c5036d99c9bd) Importer(815301076,1909f56bfc062723c751e8b465ee728b)
Start importing Assets/Explosion free pack/1/frames/1_39.png using Guid(26d8a50faa43a5e45879c5036d99c9bd) Importer(815301076,1909f56bfc062723c751e8b465ee728b)  -> (artifact id: '4ccd69957dfbf424aa4441dfad39888f') in 0.024579 seconds 
========================================================================
Received Import Request.
  Time since last request: 0.000033 seconds.
  path: Assets/Explosion free pack/1/frames/1_4.png
  artifactKey: Guid(0f4383609d20df34c9d46bcb586defcf) Importer(815301076,1909f56bfc062723c751e8b465ee728b)
Start importing Assets/Explosion free pack/1/frames/1_4.png using Guid(0f4383609d20df34c9d46bcb586defcf) Importer(815301076,1909f56bfc062723c751e8b465ee728b)  -> (artifact id: '19c89d7ad77c56992344fa7d6b80f209') in 0.022343 seconds 
========================================================================
Received Import Request.
  Time since last request: 0.000024 seconds.
  path: Assets/Explosion free pack/1/frames/1_17.png
  artifactKey: Guid(301382c25512f5c44a40bf59403b834b) Importer(815301076,1909f56bfc062723c751e8b465ee728b)
Start importing Assets/Explosion free pack/1/frames/1_17.png using Guid(301382c25512f5c44a40bf59403b834b) Importer(815301076,1909f56bfc062723c751e8b465ee728b)  -> (artifact id: '7dc136fb61403723b59dbfa5439400ec') in 0.018254 seconds 
========================================================================
Received Import Request.
  Time since last request: 0.000028 seconds.
  path: Assets/Explosion free pack/1/frames/1_11.png
  artifactKey: Guid(42af7fd2427f2d24b96b9a1744d46c32) Importer(815301076,1909f56bfc062723c751e8b465ee728b)
Start importing Assets/Explosion free pack/1/frames/1_11.png using Guid(42af7fd2427f2d24b96b9a1744d46c32) Importer(815301076,1909f56bfc062723c751e8b465ee728b)  -> (artifact id: '31a3c781a1172a0a846e3ff3e2ee3e9e') in 0.025923 seconds 
========================================================================
Received Import Request.
  Time since last request: 0.000029 seconds.
  path: Assets/Explosion free pack/1/frames/1_32.png
  artifactKey: Guid(685b6a2e7ae17de479893b550c7d0503) Importer(815301076,1909f56bfc062723c751e8b465ee728b)
Start importing Assets/Explosion free pack/1/frames/1_32.png using Guid(685b6a2e7ae17de479893b550c7d0503) Importer(815301076,1909f56bfc062723c751e8b465ee728b)  -> (artifact id: '937f6f7de047a06117cfd94ada8a044a') in 0.021386 seconds 
========================================================================
Received Import Request.
  Time since last request: 0.000027 seconds.
  path: Assets/Explosion free pack/1/frames/1_25.png
  artifactKey: Guid(83ee7d5608c244d4a9a589462060d77c) Importer(815301076,1909f56bfc062723c751e8b465ee728b)
Start importing Assets/Explosion free pack/1/frames/1_25.png using Guid(83ee7d5608c244d4a9a589462060d77c) Importer(815301076,1909f56bfc062723c751e8b465ee728b)  -> (artifact id: '0203f2cd93ffe21b011c3e0bdca31c8d') in 0.023973 seconds 
========================================================================
Received Import Request.
  Time since last request: 0.000025 seconds.
  path: Assets/Explosion free pack/1/frames/1_19.png
  artifactKey: Guid(c19421d566ff0924eac5e188108eb1a0) Importer(815301076,1909f56bfc062723c751e8b465ee728b)
Start importing Assets/Explosion free pack/1/frames/1_19.png using Guid(c19421d566ff0924eac5e188108eb1a0) Importer(815301076,1909f56bfc062723c751e8b465ee728b)  -> (artifact id: '66772c2b0dd1b32a65922d6dc3ed94a1') in 0.020830 seconds 
========================================================================
Received Import Request.
  Time since last request: 0.000028 seconds.
  path: Assets/Explosion free pack/1/frames/1_3.png
  artifactKey: Guid(da0f951576a1ee247b4544efa1d74e9b) Importer(815301076,1909f56bfc062723c751e8b465ee728b)
Start importing Assets/Explosion free pack/1/frames/1_3.png using Guid(da0f951576a1ee247b4544efa1d74e9b) Importer(815301076,1909f56bfc062723c751e8b465ee728b)  -> (artifact id: '18fc4838da9893088a10d7189fd9f05d') in 0.021388 seconds 
========================================================================
Received Import Request.
  Time since last request: 0.000129 seconds.
  path: Assets/Explosion free pack/1/frames/1_44.png
  artifactKey: Guid(9f579317d04eea94f9bb6d44cf4a80c0) Importer(815301076,1909f56bfc062723c751e8b465ee728b)
Start importing Assets/Explosion free pack/1/frames/1_44.png using Guid(9f579317d04eea94f9bb6d44cf4a80c0) Importer(815301076,1909f56bfc062723c751e8b465ee728b)  -> (artifact id: '9af6c4e6dbd1bd67d3e1917d4a157d36') in 0.019526 seconds 
========================================================================
Received Import Request.
  Time since last request: 0.000027 seconds.
  path: Assets/Explosion free pack/1/frames/1_34.png
  artifactKey: Guid(46024af8177b7d542a91772f77bd146a) Importer(815301076,1909f56bfc062723c751e8b465ee728b)
Start importing Assets/Explosion free pack/1/frames/1_34.png using Guid(46024af8177b7d542a91772f77bd146a) Importer(815301076,1909f56bfc062723c751e8b465ee728b)  -> (artifact id: '9e1c4c2322786c306bf559455edbc86c') in 0.027980 seconds 
========================================================================
Received Import Request.
  Time since last request: 0.000031 seconds.
  path: Assets/Explosion free pack/1/frames/1_47.png
  artifactKey: Guid(9cac62ffef7d6bd47b1eb86dedf517bf) Importer(815301076,1909f56bfc062723c751e8b465ee728b)
Start importing Assets/Explosion free pack/1/frames/1_47.png using Guid(9cac62ffef7d6bd47b1eb86dedf517bf) Importer(815301076,1909f56bfc062723c751e8b465ee728b)  -> (artifact id: 'f3df7de60f568745c4d329aec330e28f') in 0.026521 seconds 
========================================================================
Received Import Request.
  Time since last request: 0.000066 seconds.
  path: Assets/Explosion free pack/1/frames/1_46.png
  artifactKey: Guid(9dc3e24c3aba98a4d821d19d860a383e) Importer(815301076,1909f56bfc062723c751e8b465ee728b)
Start importing Assets/Explosion free pack/1/frames/1_46.png using Guid(9dc3e24c3aba98a4d821d19d860a383e) Importer(815301076,1909f56bfc062723c751e8b465ee728b)  -> (artifact id: '6e5ebb08b1ca6be2ddaf86a964e97183') in 0.020376 seconds 
Editor requested this worker to shutdown with reason: Scaling down because of idle timeout
AssetImportWorker is now disconnected from the server
Process exiting
Exiting without the bug reporter. Application will terminate with return code 0